<?xml version="1.0" encoding="UTF-8"?>
<testng-results skipped="0" failed="0" total="1" passed="1">
  <reporter-output>
  </reporter-output>
  <suite name="Default suite" duration-ms="26320" started-at="2020-11-29T11:52:42Z" finished-at="2020-11-29T11:53:08Z">
    <groups>
    </groups>
    <test name="Default test" duration-ms="26320" started-at="2020-11-29T11:52:42Z" finished-at="2020-11-29T11:53:08Z">
      <class name="sampleProjectGit.TestCases">
        <test-method status="PASS" signature="LoginTest()[pri:0, instance:sampleProjectGit.TestCases@369c4]" name="LoginTest" duration-ms="26288" started-at="2020-11-29T17:22:42Z" finished-at="2020-11-29T17:23:08Z">
          <reporter-output>
          </reporter-output>
        </test-method> <!-- LoginTest -->
      </class> <!-- sampleProjectGit.TestCases -->
    </test> <!-- Default test -->
  </suite> <!-- Default suite -->
</testng-results>
