<?xml version="1.0" encoding="UTF-8"?>
<testng-results skipped="0" failed="0" total="1" passed="1">
  <reporter-output>
  </reporter-output>
  <suite name="Default suite" duration-ms="65759" started-at="2020-11-28T11:44:14Z" finished-at="2020-11-28T11:45:20Z">
    <groups>
    </groups>
    <test name="Default test" duration-ms="65759" started-at="2020-11-28T11:44:14Z" finished-at="2020-11-28T11:45:20Z">
      <class name="sampleProjectGit.TestCases">
        <test-method status="PASS" signature="LoginTest()[pri:0, instance:sampleProjectGit.TestCases@675690]" name="LoginTest" duration-ms="65718" started-at="2020-11-28T17:14:15Z" finished-at="2020-11-28T17:15:20Z">
          <reporter-output>
          </reporter-output>
        </test-method> <!-- LoginTest -->
      </class> <!-- sampleProjectGit.TestCases -->
    </test> <!-- Default test -->
  </suite> <!-- Default suite -->
</testng-results>
